<?xml version="1.0" encoding="UTF-8" ?>
<testsuite errors="1" failures="0" hostname="ritus" name="java.com.sample.mvc.EmployeeControllerTest" tests="1" time="0.0" timestamp="2015-06-10T10:01:13">
  <properties>
    <property name="file.encoding.pkg" value="sun.io" />
    <property name="ivy.retrieve.pattern.ivy.instance" value="D:\ANT_PRAC\PRAC_2\ANT_PRAC_EMS_WITH_DB/lib/[artifact]-[revision](-[classifier]).[ext]" />
    <property name="java.vendor.url.ivy.instance" value="http://java.oracle.com/" />
    <property name="ivy.local.default.ivy.pattern.ivy.instance" value="[organisation]/[module]/[revision]/[type]s/[artifact].[ext]" />
    <property name="ivy.project.dir.ivy.instance" value="D:\ANT_PRAC\PRAC_2\ANT_PRAC_EMS_WITH_DB" />
    <property name="ivy.resolve.default.type.filter" value="*" />
    <property name="java.home" value="C:\Program Files (x86)\Java\jdk1.8.0_11\jre" />
    <property name="ivy.configurations.ivy.instance" value="*" />
    <property name="ivy.basedir.ivy.instance" value="D:\ANT_PRAC\PRAC_2\ANT_PRAC_EMS_WITH_DB" />
    <property name="ivy.dep.file.ivy.instance" value="ivy.xml" />
    <property name="war-file-name" value="${project-name}.war" />
    <property name="java.endorsed.dirs" value="C:\Program Files (x86)\Java\jdk1.8.0_11\jre\lib\endorsed" />
    <property name="java.class.path.ivy.instance" value="D:\apache-ant-1.8.2\lib\ant-launcher.jar;C:\Program Files (x86)\Apache Software Foundation\Tomcat 7.0\lib\;C:\Program Files (x86)\Java\jdk1.8.0_11\lib\;C:\Program Files (x86)\Java\jdk1.8.0_11\lib\junit-4.10.jar;D:\apache-ant-1.8.2\lib\ant-antlr.jar;D:\apache-ant-1.8.2\lib\ant-apache-bcel.jar;D:\apache-ant-1.8.2\lib\ant-apache-bsf.jar;D:\apache-ant-1.8.2\lib\ant-apache-log4j.jar;D:\apache-ant-1.8.2\lib\ant-apache-oro.jar;D:\apache-ant-1.8.2\lib\ant-apache-regexp.jar;D:\apache-ant-1.8.2\lib\ant-apache-resolver.jar;D:\apache-ant-1.8.2\lib\ant-apache-xalan2.jar;D:\apache-ant-1.8.2\lib\ant-commons-logging.jar;D:\apache-ant-1.8.2\lib\ant-commons-net.jar;D:\apache-ant-1.8.2\lib\ant-jai.jar;D:\apache-ant-1.8.2\lib\ant-javamail.jar;D:\apache-ant-1.8.2\lib\ant-jdepend.jar;D:\apache-ant-1.8.2\lib\ant-jmf.jar;D:\apache-ant-1.8.2\lib\ant-jsch.jar;D:\apache-ant-1.8.2\lib\ant-junit.jar;D:\apache-ant-1.8.2\lib\ant-junit4.jar;D:\apache-ant-1.8.2\lib\ant-launcher.jar;D:\apache-ant-1.8.2\lib\ant-netrexx.jar;D:\apache-ant-1.8.2\lib\ant-swing.jar;D:\apache-ant-1.8.2\lib\ant-testutil.jar;D:\apache-ant-1.8.2\lib\ant.jar;D:\apache-ant-1.8.2\lib\ivy-2.2.0.jar;D:\apache-ant-1.8.2\lib\ivy-2.3.0-rc1.jar;C:\Program Files (x86)\Java\jdk1.8.0_11\lib\tools.jar" />
    <property name="ivy.home" value="C:\Users\ritus\.ivy2" />
    <property name="src.dir" value="D:\ANT_PRAC\PRAC_2\ANT_PRAC_EMS_WITH_DB\src" />
    <property name="java.vm.specification.vendor.ivy.instance" value="Oracle Corporation" />
    <property name="sun.os.patch.level" value="Service Pack 1" />
    <property name="ivy.dep.file" value="ivy.xml" />
    <property name="java.vendor.url" value="http://java.oracle.com/" />
    <property name="ivy.local.default.artifact.pattern.ivy.instance" value="[organisation]/[module]/[revision]/[type]s/[artifact].[ext]" />
    <property name="ivy.lib.dir.ivy.instance" value="D:\ANT_PRAC\PRAC_2\ANT_PRAC_EMS_WITH_DB/lib" />
    <property name="java.version" value="1.8.0_11" />
    <property name="sun.stdout.encoding" value="cp437" />
    <property name="ivy.conf.dir.ivy.instance" value="jar:file:/D:/apache-ant-1.8.2/lib/ivy-2.2.0.jar!/org/apache/ivy/core/settings" />
    <property name="sun.boot.library.path.ivy.instance" value="C:\Program Files (x86)\Java\jdk1.8.0_11\jre\bin" />
    <property name="ivy.report.output.pattern.ivy.instance" value="[organisation]-[module]-[conf].[ext]" />
    <property name="ivy.module" value="ANT_PRAC_EMS_WITH_DB" />
    <property name="ivy.publish.src.artifacts.pattern.ivy.instance" value="D:\ANT_PRAC\PRAC_2\ANT_PRAC_EMS_WITH_DB/distrib/[type]s/[artifact]-[revision](-[classifier]).[ext]" />
    <property name="java.vendor.url.bug" value="http://bugreport.sun.com/bugreport/" />
    <property name="sun.management.compiler.ivy.instance" value="HotSpot Client Compiler" />
    <property name="ant.project.invoked-targets" value="war" />
    <property name="ivy.local.default.artifact.pattern" value="[organisation]/[module]/[revision]/[type]s/[artifact].[ext]" />
    <property name="os.name.ivy.instance" value="Windows 7" />
    <property name="ivy.default.ivy.user.dir.ivy.instance" value="C:\Users\ritus\.ivy2" />
    <property name="ivy.default.always.check.exact.revision" value="false" />
    <property name="ivy.default.settings.dir.ivy.instance" value="jar:file:/D:/apache-ant-1.8.2/lib/ivy-2.2.0.jar!/org/apache/ivy/core/settings" />
    <property name="user.name" value="ritus" />
    <property name="sun.io.unicode.encoding" value="UnicodeLittle" />
    <property name="ivy.shared.default.root.ivy.instance" value="C:\Users\ritus\.ivy2/shared" />
    <property name="sun.jnu.encoding" value="Cp1252" />
    <property name="java.runtime.name" value="Java(TM) SE Runtime Environment" />
    <property name="ant.home.ivy.instance" value="D:\apache-ant-1.8.2" />
    <property name="file.encoding.ivy.instance" value="Cp1252" />
    <property name="ivy.cache.ttl.default.ivy.instance" value="10s" />
    <property name="java.specification.vendor.ivy.instance" value="Oracle Corporation" />
    <property name="java.vendor.ivy.instance" value="Oracle Corporation" />
    <property name="lib.dir" value="D:\ANT_PRAC\PRAC_2\ANT_PRAC_EMS_WITH_DB\lib" />
    <property name="sun.cpu.isalist.ivy.instance" value="" />
    <property name="java.specification.name" value="Java Platform API Specification" />
    <property name="user.timezone" value="Asia/Calcutta" />
    <property name="java.endorsed.dirs.ivy.instance" value="C:\Program Files (x86)\Java\jdk1.8.0_11\jre\lib\endorsed" />
    <property name="user.script" value="" />
    <property name="path.separator" value=";" />
    <property name="java.class.version.ivy.instance" value="52.0" />
    <property name="ivy.default.conf.dir" value="jar:file:/D:/apache-ant-1.8.2/lib/ivy-2.2.0.jar!/org/apache/ivy/core/settings" />
    <property name="file.encoding" value="Cp1252" />
    <property name="java.runtime.name.ivy.instance" value="Java(TM) SE Runtime Environment" />
    <property name="ivy.resolve.default.type.filter.ivy.instance" value="*" />
    <property name="ant.project.default-target" value="war" />
    <property name="ivy.targets.copied" value="false" />
    <property name="sun.java.command" value="org.apache.tools.ant.taskdefs.optional.junit.JUnitTestRunner java.com.sample.mvc.EmployeeControllerTest filtertrace=true haltOnError=false haltOnFailure=true formatter=org.apache.tools.ant.taskdefs.optional.junit.SummaryJUnitResultFormatter showoutput=false outputtoformatters=true logfailedtests=true logtestlistenerevents=false formatter=org.apache.tools.ant.taskdefs.optional.junit.PlainJUnitResultFormatter,D:\ANT_PRAC\PRAC_2\ANT_PRAC_EMS_WITH_DB\TEST-java.com.sample.mvc.EmployeeControllerTest.txt formatter=org.apache.tools.ant.taskdefs.optional.junit.XMLJUnitResultFormatter,D:\ANT_PRAC\PRAC_2\ANT_PRAC_EMS_WITH_DB\TEST-java.com.sample.mvc.EmployeeControllerTest.xml crashfile=D:\ANT_PRAC\PRAC_2\ANT_PRAC_EMS_WITH_DB\junitvmwatcher2777503886115768253.properties propsfile=D:\ANT_PRAC\PRAC_2\ANT_PRAC_EMS_WITH_DB\junit2588910397222374325.properties" />
    <property name="ivy.shared.default.artifact.pattern" value="[organisation]/[module]/[revision]/[type]s/[artifact].[ext]" />
    <property name="ant.file" value="D:\ANT_PRAC\PRAC_2\ANT_PRAC_EMS_WITH_DB\build.xml" />
    <property name="ivy.distrib.dir.ivy.instance" value="D:\ANT_PRAC\PRAC_2\ANT_PRAC_EMS_WITH_DB/distrib" />
    <property name="ivy.checksums.ivy.instance" value="sha1,md5" />
    <property name="sun.arch.data.model.ivy.instance" value="32" />
    <property name="ivy.build.artifacts.dir.ivy.instance" value="D:\ANT_PRAC\PRAC_2\ANT_PRAC_EMS_WITH_DB/build/artifacts" />
    <property name="user.variant.ivy.instance" value="" />
    <property name="ivy.settings.file" value="ivysettings.xml" />
    <property name="java.io.tmpdir" value="C:\Users\ritus\AppData\Local\Temp\" />
    <property name="ivy.buildlist.ivyfilepath.ivy.instance" value="ivy.xml" />
    <property name="ivy.cache.ttl.default" value="10s" />
    <property name="user.language" value="en" />
    <property name="user.dir.ivy.instance" value="D:\ANT_PRAC\PRAC_2\ANT_PRAC_EMS_WITH_DB" />
    <property name="ivy.home.ivy.instance" value="C:\Users\ritus\.ivy2" />
    <property name="line.separator" value="&#xd;&#xa;" />
    <property name="java.specification.version.ivy.instance" value="1.8" />
    <property name="ant.file.type" value="file" />
    <property name="ivy.build.artifacts.dir" value="D:\ANT_PRAC\PRAC_2\ANT_PRAC_EMS_WITH_DB/build/artifacts" />
    <property name="sun.io.unicode.encoding.ivy.instance" value="UnicodeLittle" />
    <property name="ivy.status" value="integration" />
    <property name="java.vm.info" value="mixed mode" />
    <property name="ivy.lib.dir" value="D:\ANT_PRAC\PRAC_2\ANT_PRAC_EMS_WITH_DB/lib" />
    <property name="sun.desktop" value="windows" />
    <property name="java.vm.specification.name" value="Java Virtual Machine Specification" />
    <property name="ivy.default.conf.dir.ivy.instance" value="jar:file:/D:/apache-ant-1.8.2/lib/ivy-2.2.0.jar!/org/apache/ivy/core/settings" />
    <property name="java.vm.version.ivy.instance" value="25.11-b03" />
    <property name="cobertura.dir" value="D:\ANT_PRAC\PRAC_2\ANT_PRAC_EMS_WITH_DB\cobertura" />
    <property name="user.name.ivy.instance" value="ritus" />
    <property name="ivy.cache.dir" value="C:\Users\ritus\.ivy2\cache" />
    <property name="java.awt.printerjob" value="sun.awt.windows.WPrinterJob" />
    <property name="java.io.tmpdir.ivy.instance" value="C:\Users\ritus\AppData\Local\Temp\" />
    <property name="ant.version" value="Apache Ant(TM) version 1.8.2 compiled on December 20 2010" />
    <property name="java.home.ivy.instance" value="C:\Program Files (x86)\Java\jdk1.8.0_11\jre" />
    <property name="java.vm.vendor.ivy.instance" value="Oracle Corporation" />
    <property name="user.script.ivy.instance" value="" />
    <property name="ivy.default.settings.dir" value="jar:file:/D:/apache-ant-1.8.2/lib/ivy-2.2.0.jar!/org/apache/ivy/core/settings" />
    <property name="ivy.configurations" value="*" />
    <property name="ivy.settings.url" value="jar:file:/D:/apache-ant-1.8.2/lib/ivy-2.2.0.jar!/org/apache/ivy/core/settings/ivysettings.xml" />
    <property name="os.name" value="Windows 7" />
    <property name="java.specification.vendor" value="Oracle Corporation" />
    <property name="sun.jnu.encoding.ivy.instance" value="Cp1252" />
    <property name="ivy.deliver.ivy.pattern.ivy.instance" value="D:\ANT_PRAC\PRAC_2\ANT_PRAC_EMS_WITH_DB/distrib/[type]s/[artifact]-[revision](-[classifier]).[ext]" />
    <property name="ivy.checksums" value="sha1,md5" />
    <property name="ant.file.type.ANT_PRAC_EMS_WITH_DB" value="file" />
    <property name="java.vm.name" value="Java HotSpot(TM) Client VM" />
    <property name="ivy.log.modules.in.use" value="false" />
    <property name="java.runtime.version.ivy.instance" value="1.8.0_11-b12" />
    <property name="ivy.report.output.pattern" value="[organisation]-[module]-[conf].[ext]" />
    <property name="ivy.version" value="2.2.0" />
    <property name="java.library.path" value="C:\Program Files (x86)\Java\jdk1.8.0_11\jre\bin;C:\Windows\Sun\Java\bin;C:\Windows\system32;C:\Windows;C:\Program Files (x86)\PHP\;C:\Windows\system32;C:\Windows;C:\Windows\System32\Wbem;C:\Windows\System32\WindowsPowerShell\v1.0\;C:\sonar-runner-dist-2.4\sonar-runner-2.4\bin;C:\Program Files (x86)\Subversion\bin;C:\Program Files\TortoiseSVN\bin;C:\Program Files\subgit-2.0.3\bin;C:\Program Files (x86)\Subversion\bin;C:\Program Files\TortoiseGit\bin;C:\Program Files\VisualSVN Server\bin;C:\Program Files (x86)\Java\jdk1.8.0_11\bin;D:\apache-maven-3.0.3\bin;D:\apache-ant-1.8.2\bin;C:\Program Files (x86)\PHP;C:\Program Files (x86)\Apache Software Foundation\Tomcat 7.0\bin;C:\Program Files\subgit-2.0.3\bin;C:\Program Files (x86)\Subversion\bin;;." />
    <property name="ivy.conf.url" value="jar:file:/D:/apache-ant-1.8.2/lib/ivy-2.2.0.jar!/org/apache/ivy/core/settings/ivysettings.xml" />
    <property name="java.vm.name.ivy.instance" value="Java HotSpot(TM) Client VM" />
    <property name="os.version.ivy.instance" value="6.1" />
    <property name="line.separator.ivy.instance" value="&#xd;&#xa;" />
    <property name="ant.java.version" value="1.7" />
    <property name="sun.desktop.ivy.instance" value="windows" />
    <property name="sun.cpu.endian.ivy.instance" value="little" />
    <property name="java.vm.specification.name.ivy.instance" value="Java Virtual Machine Specification" />
    <property name="basedir" value="D:\ANT_PRAC\PRAC_2\ANT_PRAC_EMS_WITH_DB" />
    <property name="java.class.version" value="52.0" />
    <property name="ivy.settings.url.ivy.instance" value="jar:file:/D:/apache-ant-1.8.2/lib/ivy-2.2.0.jar!/org/apache/ivy/core/settings/ivysettings.xml" />
    <property name="path.separator.ivy.instance" value=";" />
    <property name="sun.boot.class.path.ivy.instance" value="C:\Program Files (x86)\Java\jdk1.8.0_11\jre\lib\resources.jar;C:\Program Files (x86)\Java\jdk1.8.0_11\jre\lib\rt.jar;C:\Program Files (x86)\Java\jdk1.8.0_11\jre\lib\sunrsasign.jar;C:\Program Files (x86)\Java\jdk1.8.0_11\jre\lib\jsse.jar;C:\Program Files (x86)\Java\jdk1.8.0_11\jre\lib\jce.jar;C:\Program Files (x86)\Java\jdk1.8.0_11\jre\lib\charsets.jar;C:\Program Files (x86)\Java\jdk1.8.0_11\jre\lib\jfr.jar;C:\Program Files (x86)\Java\jdk1.8.0_11\jre\classes" />
    <property name="ant.home" value="D:\apache-ant-1.8.2" />
    <property name="ivy.resolved.configurations" value="default" />
    <property name="ivy.deliver.ivy.pattern" value="D:\ANT_PRAC\PRAC_2\ANT_PRAC_EMS_WITH_DB/distrib/[type]s/[artifact]-[revision](-[classifier]).[ext]" />
    <property name="sun.boot.library.path" value="C:\Program Files (x86)\Java\jdk1.8.0_11\jre\bin" />
    <property name="build.dir" value="D:\ANT_PRAC\PRAC_2\ANT_PRAC_EMS_WITH_DB\bin" />
    <property name="ivy.default.always.check.exact.revision.ivy.instance" value="false" />
    <property name="java.library.path.ivy.instance" value="C:\Program Files (x86)\Java\jdk1.8.0_11\bin;C:\Windows\Sun\Java\bin;C:\Windows\system32;C:\Windows;C:\Program Files (x86)\PHP\;C:\Windows\system32;C:\Windows;C:\Windows\System32\Wbem;C:\Windows\System32\WindowsPowerShell\v1.0\;C:\sonar-runner-dist-2.4\sonar-runner-2.4\bin;C:\Program Files (x86)\Subversion\bin;C:\Program Files\TortoiseSVN\bin;C:\Program Files\subgit-2.0.3\bin;C:\Program Files (x86)\Subversion\bin;C:\Program Files\TortoiseGit\bin;C:\Program Files\VisualSVN Server\bin;C:\Program Files (x86)\Java\jdk1.8.0_11\bin;D:\apache-maven-3.0.3\bin;D:\apache-ant-1.8.2\bin;C:\Program Files (x86)\PHP;C:\Program Files (x86)\Apache Software Foundation\Tomcat 7.0\bin;C:\Program Files\subgit-2.0.3\bin;C:\Program Files (x86)\Subversion\bin;;." />
    <property name="awt.toolkit.ivy.instance" value="sun.awt.windows.WToolkit" />
    <property name="ivy.basedir" value="D:\ANT_PRAC\PRAC_2\ANT_PRAC_EMS_WITH_DB" />
    <property name="sun.management.compiler" value="HotSpot Client Compiler" />
    <property name="java.ext.dirs.ivy.instance" value="C:\Program Files (x86)\Java\jdk1.8.0_11\jre\lib\ext;C:\Windows\Sun\Java\lib\ext" />
    <property name="java.awt.graphicsenv" value="sun.awt.Win32GraphicsEnvironment" />
    <property name="user.variant" value="" />
    <property name="ivy.log.modules.in.use.ivy.instance" value="false" />
    <property name="sun.os.patch.level.ivy.instance" value="Service Pack 1" />
    <property name="file.encoding.pkg.ivy.instance" value="sun.io" />
    <property name="ivy.resolver.default.check.modified" value="false" />
    <property name="ivy.shared.default.ivy.pattern" value="[organisation]/[module]/[revision]/[type]s/[artifact].[ext]" />
    <property name="ivy.settings.file.ivy.instance" value="ivysettings.xml" />
    <property name="ivy.nb.targets.copied" value="0" />
    <property name="ant.project.name" value="ANT_PRAC_EMS_WITH_DB" />
    <property name="java.vm.specification.version" value="1.8" />
    <property name="ivy.cache.dir.ivy.instance" value="C:\Users\ritus\.ivy2\cache" />
    <property name="ivy.status.ivy.instance" value="integration" />
    <property name="awt.toolkit" value="sun.awt.windows.WToolkit" />
    <property name="sun.cpu.isalist" value="" />
    <property name="sun.stderr.encoding" value="cp437" />
    <property name="file.separator.ivy.instance" value="\" />
    <property name="java.ext.dirs" value="C:\Program Files (x86)\Java\jdk1.8.0_11\jre\lib\ext;C:\Windows\Sun\Java\lib\ext" />
    <property name="ivy.local.default.root.ivy.instance" value="C:\Users\ritus\.ivy2/local" />
    <property name="ivy.deps.changed" value="false" />
    <property name="os.version" value="6.1" />
    <property name="user.home" value="C:\Users\ritus" />
    <property name="sun.java.launcher.ivy.instance" value="SUN_STANDARD" />
    <property name="java.vm.vendor" value="Oracle Corporation" />
    <property name="ivy.local.default.root" value="C:\Users\ritus\.ivy2/local" />
    <property name="ivy.organisation" value="org.apache" />
    <property name="user.dir" value="D:\ANT_PRAC\PRAC_2\ANT_PRAC_EMS_WITH_DB" />
    <property name="ant.library.dir.ivy.instance" value="D:\apache-ant-1.8.2\lib" />
    <property name="ivy.local.default.ivy.pattern" value="[organisation]/[module]/[revision]/[type]s/[artifact].[ext]" />
    <property name="ivy.shared.default.ivy.pattern.ivy.instance" value="[organisation]/[module]/[revision]/[type]s/[artifact].[ext]" />
    <property name="java.vm.info.ivy.instance" value="mixed mode" />
    <property name="ivy.publish.src.artifacts.pattern" value="D:\ANT_PRAC\PRAC_2\ANT_PRAC_EMS_WITH_DB/distrib/[type]s/[artifact]-[revision](-[classifier]).[ext]" />
    <property name="test.dir" value="D:\ANT_PRAC\PRAC_2\ANT_PRAC_EMS_WITH_DB\src\test" />
    <property name="sun.java.command.ivy.instance" value="org.apache.tools.ant.launch.Launcher -cp C:\Program Files (x86)\Apache Software Foundation\Tomcat 7.0\lib;C:\Program Files (x86)\Java\jdk1.8.0_11\lib;C:\Program Files (x86)\Java\jdk1.8.0_11\lib\junit-4.10.jar war" />
    <property name="ivy.distrib.dir" value="D:\ANT_PRAC\PRAC_2\ANT_PRAC_EMS_WITH_DB/distrib" />
    <property name="sun.cpu.endian" value="little" />
    <property name="ivy.revision" value="working@ritus" />
    <property name="user.timezone.ivy.instance" value="Asia/Calcutta" />
    <property name="java.vm.version" value="25.11-b03" />
    <property name="java.class.path" value="D:\ANT_PRAC\PRAC_2\ANT_PRAC_EMS_WITH_DB\lib\junit-4.11.jar;D:\ANT_PRAC\PRAC_2\ANT_PRAC_EMS_WITH_DB\bin;D:\ANT_PRAC\PRAC_2\ANT_PRAC_EMS_WITH_DB\src\test;C:\Program Files (x86)\Apache Software Foundation\Tomcat 7.0\lib;C:\Program Files (x86)\Java\jdk1.8.0_11\lib;C:\Program Files (x86)\Java\jdk1.8.0_11\lib\junit-4.10.jar;D:\apache-ant-1.8.2\lib\ant-launcher.jar;D:\apache-ant-1.8.2\lib\ant.jar;D:\apache-ant-1.8.2\lib\ant-junit.jar;D:\apache-ant-1.8.2\lib\ant-junit4.jar" />
    <property name="sun.stderr.encoding.ivy.instance" value="cp437" />
    <property name="ivy.default.ivy.user.dir" value="C:\Users\ritus\.ivy2" />
    <property name="user.home.ivy.instance" value="C:\Users\ritus" />
    <property name="basedir.ivy.instance" value="D:\ANT_PRAC\PRAC_2\ANT_PRAC_EMS_WITH_DB" />
    <property name="ant.file.ANT_PRAC_EMS_WITH_DB" value="D:\ANT_PRAC\PRAC_2\ANT_PRAC_EMS_WITH_DB\build.xml" />
    <property name="ant.library.dir" value="D:\apache-ant-1.8.2\lib" />
    <property name="os.arch" value="x86" />
    <property name="java.awt.graphicsenv.ivy.instance" value="sun.awt.Win32GraphicsEnvironment" />
    <property name="java.vendor.url.bug.ivy.instance" value="http://bugreport.sun.com/bugreport/" />
    <property name="java.vm.specification.version.ivy.instance" value="1.8" />
    <property name="dist.dir" value="D:\ANT_PRAC\PRAC_2\ANT_PRAC_EMS_WITH_DB\dist" />
    <property name="sun.java.launcher" value="SUN_STANDARD" />
    <property name="java.awt.printerjob.ivy.instance" value="sun.awt.windows.WPrinterJob" />
    <property name="ivy.settings.dir.ivy.instance" value="jar:file:/D:/apache-ant-1.8.2/lib/ivy-2.2.0.jar!/org/apache/ivy/core/settings" />
    <property name="ivy.resolver.default.check.modified.ivy.instance" value="false" />
    <property name="ant.core.lib" value="D:\apache-ant-1.8.2\lib\ant.jar" />
    <property name="java.vm.specification.vendor" value="Oracle Corporation" />
    <property name="ivy.settings.dir" value="jar:file:/D:/apache-ant-1.8.2/lib/ivy-2.2.0.jar!/org/apache/ivy/core/settings" />
    <property name="file.separator" value="\" />
    <property name="user.language.ivy.instance" value="en" />
    <property name="ivy.shared.default.artifact.pattern.ivy.instance" value="[organisation]/[module]/[revision]/[type]s/[artifact].[ext]" />
    <property name="user.country.ivy.instance" value="US" />
    <property name="ivy.conf.url.ivy.instance" value="jar:file:/D:/apache-ant-1.8.2/lib/ivy-2.2.0.jar!/org/apache/ivy/core/settings/ivysettings.xml" />
    <property name="java.specification.name.ivy.instance" value="Java Platform API Specification" />
    <property name="java.runtime.version" value="1.8.0_11-b12" />
    <property name="sun.boot.class.path" value="C:\Program Files (x86)\Java\jdk1.8.0_11\jre\lib\resources.jar;C:\Program Files (x86)\Java\jdk1.8.0_11\jre\lib\rt.jar;C:\Program Files (x86)\Java\jdk1.8.0_11\jre\lib\sunrsasign.jar;C:\Program Files (x86)\Java\jdk1.8.0_11\jre\lib\jsse.jar;C:\Program Files (x86)\Java\jdk1.8.0_11\jre\lib\jce.jar;C:\Program Files (x86)\Java\jdk1.8.0_11\jre\lib\charsets.jar;C:\Program Files (x86)\Java\jdk1.8.0_11\jre\lib\jfr.jar;C:\Program Files (x86)\Java\jdk1.8.0_11\jre\classes" />
    <property name="ivy.conf.dir" value="jar:file:/D:/apache-ant-1.8.2/lib/ivy-2.2.0.jar!/org/apache/ivy/core/settings" />
    <property name="ivy.retrieve.pattern" value="D:\ANT_PRAC\PRAC_2\ANT_PRAC_EMS_WITH_DB/lib/[artifact]-[revision](-[classifier]).[ext]" />
    <property name="user.country" value="US" />
    <property name="ivy.shared.default.root" value="C:\Users\ritus\.ivy2/shared" />
    <property name="java.version.ivy.instance" value="1.8.0_11" />
    <property name="ivy.resolved.file" value="D:\ANT_PRAC\PRAC_2\ANT_PRAC_EMS_WITH_DB\ivy.xml" />
    <property name="sun.stdout.encoding.ivy.instance" value="cp437" />
    <property name="os.arch.ivy.instance" value="x86" />
    <property name="java.vendor" value="Oracle Corporation" />
    <property name="ivy.project.dir" value="D:\ANT_PRAC\PRAC_2\ANT_PRAC_EMS_WITH_DB" />
    <property name="java.specification.version" value="1.8" />
    <property name="sun.arch.data.model" value="32" />
    <property name="ivy.buildlist.ivyfilepath" value="ivy.xml" />
  </properties>
  <error message="java.com.sample.mvc.EmployeeControllerTest" type="java.lang.ClassNotFoundException">java.lang.ClassNotFoundException: java.com.sample.mvc.EmployeeControllerTest
	at java.net.URLClassLoader$1.run(URLClassLoader.java:372)
	at java.net.URLClassLoader$1.run(URLClassLoader.java:361)
	at java.security.AccessController.doPrivileged(Native Method)
	at java.net.URLClassLoader.findClass(URLClassLoader.java:360)
	at java.lang.ClassLoader.loadClass(ClassLoader.java:424)
	at sun.misc.Launcher$AppClassLoader.loadClass(Launcher.java:308)
	at java.lang.ClassLoader.loadClass(ClassLoader.java:357)
	at java.lang.Class.forName0(Native Method)
	at java.lang.Class.forName(Class.java:259)
</error>
  <system-out><![CDATA[]]></system-out>
  <system-err><![CDATA[]]></system-err>
</testsuite>
